<?xml version="1.0" encoding="UTF-8"?>
<!-- Generated by org.testng.reporters.JUnitReportReporter -->
<testsuite hostname="Lenovo-PC" failures="0" tests="4" name="com.FinalSelenium.Scripts.LoginTest" time="4.660" errors="0" timestamp="2022-10-16T13:42:49 IST" skipped="0">
  <testcase classname="com.FinalSelenium.Scripts.LoginTest" name="verifyInvalidCredentialWarningmessage" time="2.196"/>
  <system-out/>
  <testcase classname="com.FinalSelenium.Scripts.LoginTest" name="verifyThatAdminCanLogoutSuccessfully" time="1.647"/>
  <system-out/>
  <testcase classname="com.FinalSelenium.Scripts.LoginTest" name="testBase" time="0.002"/>
  <system-out/>
  <testcase classname="com.FinalSelenium.Scripts.LoginTest" name="verifyThatUserCanLoginSuccessfully" time="0.815"/>
  <system-out/>
</testsuite> <!-- com.FinalSelenium.Scripts.LoginTest -->
