<?xml version="1.0" encoding="UTF-8"?>
<!-- Generated by org.testng.reporters.JUnitReportReporter -->
<testsuite hostname="Lenovo-PC" failures="0" tests="1" name="com.FinalSelenium.Scripts.TestBase" time="0.015" errors="0" timestamp="2022-10-16T13:42:49 IST" skipped="0">
  <testcase classname="com.FinalSelenium.Scripts.TestBase" name="testBase" time="0.015"/>
  <system-out/>
</testsuite> <!-- com.FinalSelenium.Scripts.TestBase -->
